<?xml version="1.0" encoding="UTF-8"?>
<!-- Generated by org.testng.reporters.JUnitReportReporter -->
<testsuite hostname="LAPTOP-T7SDQHSU" failures="0" tests="12" name="com.mindtree.runner.Runner" time="206.688" errors="0" timestamp="2021-09-27T11:22:03 IST" skipped="0">
  <testcase classname="com.mindtree.runner.Runner" name="signrun" time="19.903"/>
  <system-out/>
  <testcase classname="com.mindtree.runner.Runner" name="LoginRun" time="30.582"/>
  <system-out/>
  <testcase classname="com.mindtree.runner.Runner" name="testSearchTitle" time="11.872"/>
  <system-out/>
  <testcase classname="com.mindtree.runner.Runner" name="testSearchTitle" time="9.122"/>
  <system-out/>
  <testcase classname="com.mindtree.runner.Runner" name="testSearchTitle" time="11.242"/>
  <system-out/>
  <testcase classname="com.mindtree.runner.Runner" name="ProfileVer" time="33.885"/>
  <system-out/>
  <testcase classname="com.mindtree.runner.Runner" name="HelpBtn" time="7.456"/>
  <system-out/>
  <testcase classname="com.mindtree.runner.Runner" name="StoreVer" time="9.845"/>
  <system-out/>
  <testcase classname="com.mindtree.runner.Runner" name="Trackorder" time="12.016"/>
  <system-out/>
  <testcase classname="com.mindtree.runner.Runner" name="Subscribe" time="10.411"/>
  <system-out/>
  <testcase classname="com.mindtree.runner.Runner" name="GiftCard" time="9.014"/>
  <system-out/>
  <testcase classname="com.mindtree.runner.Runner" name="LogOutRun" time="41.340"/>
  <system-out/>
</testsuite> <!-- com.mindtree.runner.Runner -->
